0 info it worked if it ends with ok
1 verbose cli [ 'C:\\Program Files\\nodejs\\node.exe',
1 verbose cli   'C:\\Program Files\\nodejs\\node_modules\\npm\\bin\\npm-cli.js',
1 verbose cli   'run',
1 verbose cli   'lint-fix' ]
2 info using npm@3.10.3
3 info using node@v6.6.0
4 verbose run-script [ 'prelint-fix', 'lint-fix', 'postlint-fix' ]
5 info lifecycle joomla-ui-custom-elements@0.0.12~prelint-fix: joomla-ui-custom-elements@0.0.12
6 silly lifecycle joomla-ui-custom-elements@0.0.12~prelint-fix: no script for prelint-fix, continuing
7 info lifecycle joomla-ui-custom-elements@0.0.12~lint-fix: joomla-ui-custom-elements@0.0.12
8 verbose lifecycle joomla-ui-custom-elements@0.0.12~lint-fix: unsafe-perm in lifecycle true
9 verbose lifecycle joomla-ui-custom-elements@0.0.12~lint-fix: PATH: C:\Program Files\nodejs\node_modules\npm\bin\node-gyp-bin;C:\dev\joomla-ce\node_modules\.bin;C:\Program Files\nodejs;C:\Users\Lodder\bin;C:\Program Files\Git\mingw64\bin;C:\Program Files\Git\usr\local\bin;C:\Program Files\Git\usr\bin;C:\Program Files\Git\usr\bin;C:\Program Files\Git\mingw64\bin;C:\Program Files\Git\usr\bin;C:\Users\Lodder\bin;C:\WINDOWS\system32;C:\WINDOWS;C:\WINDOWS\System32\Wbem;C:\WINDOWS\System32\WindowsPowerShell\v1.0;C:\Program Files (x86)\NVIDIA Corporation\PhysX\Common;C:\Program Files (x86)\Common Files\Plantronics;C:\Program Files (x86)\Plantronics\MyHeadsetUpdater;C:\Program Files (x86)\Plantronics\VoyagerEdge;C:\WINDOWS\system32;C:\WINDOWS;C:\WINDOWS\System32\Wbem;C:\WINDOWS\System32\WindowsPowerShell\v1.0;C:\Program Files (x86)\NVIDIA Corporation\DDS Utilities;C:\Program Files\Adobe\Adobe Photoshop CC 2015\Plug-ins;C:\Program Files\nodejs;C:\Program Files\Git\cmd;C:\wamp\bin\php\php5.6.25;C:\ProgramData\ComposerSetup\bin;C:\Program Files\PuTTY;C:\Program Files (x86)\Skype\Phone;C:\Ruby24-x64\bin;C:\Users\Lodder\AppData\Local\Programs\Python\Python35-32\Scripts;C:\Users\Lodder\AppData\Local\Programs\Python\Python35-32;C:\Users\Lodder\AppData\Local\Microsoft\WindowsApps;C:\Users\Lodder\AppData\Roaming\npm;C:\Users\Lodder\AppData\Roaming\Composer\vendor\bin;C:\Program Files\Git\usr\bin\vendor_perl;C:\Program Files\Git\usr\bin\core_perl
10 verbose lifecycle joomla-ui-custom-elements@0.0.12~lint-fix: CWD: C:\dev\joomla-ce
11 silly lifecycle joomla-ui-custom-elements@0.0.12~lint-fix: Args: [ '/d /s /c', 'eslint src --fix' ]
12 silly lifecycle joomla-ui-custom-elements@0.0.12~lint-fix: Returned: code: 1  signal: null
13 info lifecycle joomla-ui-custom-elements@0.0.12~lint-fix: Failed to exec lint-fix script
14 verbose stack Error: joomla-ui-custom-elements@0.0.12 lint-fix: `eslint src --fix`
14 verbose stack Exit status 1
14 verbose stack     at EventEmitter.<anonymous> (C:\Program Files\nodejs\node_modules\npm\lib\utils\lifecycle.js:242:16)
14 verbose stack     at emitTwo (events.js:106:13)
14 verbose stack     at EventEmitter.emit (events.js:191:7)
14 verbose stack     at ChildProcess.<anonymous> (C:\Program Files\nodejs\node_modules\npm\lib\utils\spawn.js:40:14)
14 verbose stack     at emitTwo (events.js:106:13)
14 verbose stack     at ChildProcess.emit (events.js:191:7)
14 verbose stack     at maybeClose (internal/child_process.js:877:16)
14 verbose stack     at Process.ChildProcess._handle.onexit (internal/child_process.js:226:5)
15 verbose pkgid joomla-ui-custom-elements@0.0.12
16 verbose cwd C:\dev\joomla-ce
17 error Windows_NT 10.0.15063
18 error argv "C:\\Program Files\\nodejs\\node.exe" "C:\\Program Files\\nodejs\\node_modules\\npm\\bin\\npm-cli.js" "run" "lint-fix"
19 error node v6.6.0
20 error npm  v3.10.3
21 error code ELIFECYCLE
22 error joomla-ui-custom-elements@0.0.12 lint-fix: `eslint src --fix`
22 error Exit status 1
23 error Failed at the joomla-ui-custom-elements@0.0.12 lint-fix script 'eslint src --fix'.
23 error Make sure you have the latest version of node.js and npm installed.
23 error If you do, this is most likely a problem with the joomla-ui-custom-elements package,
23 error not with npm itself.
23 error Tell the author that this fails on your system:
23 error     eslint src --fix
23 error You can get information on how to open an issue for this project with:
23 error     npm bugs joomla-ui-custom-elements
23 error Or if that isn't available, you can get their info via:
23 error     npm owner ls joomla-ui-custom-elements
23 error There is likely additional logging output above.
24 verbose exit [ 1, true ]
